<!DOCTYPE html>
<html>
<head>
<meta http-equiv="Content-Type" content="text/html; charset=utf-8"/>
<meta http-equiv="x-ua-compatible" content="IE=edge"/>
<title>Test results - Class Validate the creation of the business unit and new meeting as StarSharp admin</title>
<link href="../css/base-style.css" rel="stylesheet" type="text/css"/>
<link href="../css/style.css" rel="stylesheet" type="text/css"/>
<script src="../js/report.js" type="text/javascript"></script>
</head>
<body>
<div id="content">
<h1>Class Validate the creation of the business unit and new meeting as StarSharp admin</h1>
<div class="breadcrumbs">
<a href="../index.html">all</a> &gt; 
<a href="../packages/default-package.html">default-package</a> &gt; Validate the creation of the business unit and new meeting as StarSharp admin</div>
<div id="summary">
<table>
<tr>
<td>
<div class="summaryGroup">
<table>
<tr>
<td>
<div class="infoBox" id="tests">
<div class="counter">1</div>
<p>tests</p>
</div>
</td>
<td>
<div class="infoBox" id="failures">
<div class="counter">1</div>
<p>failures</p>
</div>
</td>
<td>
<div class="infoBox" id="ignored">
<div class="counter">0</div>
<p>ignored</p>
</div>
</td>
<td>
<div class="infoBox" id="duration">
<div class="counter">8.037s</div>
<p>duration</p>
</div>
</td>
</tr>
</table>
</div>
</td>
<td>
<div class="infoBox failures" id="successRate">
<div class="percent">0%</div>
<p>successful</p>
</div>
</td>
</tr>
</table>
</div>
<div id="tabs">
<ul class="tabLinks">
<li>
<a href="#tab0">Failed tests</a>
</li>
<li>
<a href="#tab1">Tests</a>
</li>
<li>
<a href="#tab2">Standard error</a>
</li>
</ul>
<div id="tab0" class="tab">
<h2>Failed tests</h2>
<div class="test">
<a name="Validate the creation of a meeting with a business unit"></a>
<h3 class="failures">Validate the creation of a meeting with a business unit</h3>
<span class="code">
<pre>cucumber.runtime.CucumberException: Arity mismatch: Step Definition 'co.com.choucair.certification.proyectobase.stepdefinitions.Starsharpstepdefinitions.i_create_a_Business_Unit_and_a_meeting() in file:/C:/Users/Willy-PC/IdeaProjects/co.com.choucair.certification.proyectobaseweb/build/classes/java/test/' with pattern [^I create a Business Unit and a meeting$] is declared with 0 parameters. However, the gherkin step has 1 arguments [Table:[[Choucair1, Marketing » Editor Team, Contextualizacion de negocio, Strategy, 10, 09/20/2022, 10:00, 09/20/2022, 11:00, On Site, Marketing, Charles Davis, Alexis Lopez, Dylan Smith, Guest, Not Set]]]. 
Step text: I create a Business Unit and a meeting
	at cucumber.runtime.StepDefinitionMatch.arityMismatch(StepDefinitionMatch.java:111)
	at cucumber.runtime.StepDefinitionMatch.transformedArgs(StepDefinitionMatch.java:66)
	at cucumber.runtime.StepDefinitionMatch.runStep(StepDefinitionMatch.java:40)
	at cucumber.api.TestStep.executeStep(TestStep.java:102)
	at cucumber.api.TestStep.run(TestStep.java:83)
	at cucumber.api.TestCase.run(TestCase.java:58)
	at cucumber.runner.Runner.runPickle(Runner.java:80)
	at cucumber.runtime.junit.PickleRunners$NoStepDescriptions.run(PickleRunners.java:140)
	at cucumber.runtime.junit.FeatureRunner.runChild(FeatureRunner.java:68)
	at cucumber.runtime.junit.FeatureRunner.runChild(FeatureRunner.java:23)
	at org.junit.runners.ParentRunner$3.run(ParentRunner.java:290)
	at org.junit.runners.ParentRunner$1.schedule(ParentRunner.java:71)
	at org.junit.runners.ParentRunner.runChildren(ParentRunner.java:288)
	at org.junit.runners.ParentRunner.access$000(ParentRunner.java:58)
	at org.junit.runners.ParentRunner$2.evaluate(ParentRunner.java:268)
	at org.junit.runners.ParentRunner.run(ParentRunner.java:363)
	at cucumber.runtime.junit.FeatureRunner.run(FeatureRunner.java:73)
	at cucumber.api.junit.Cucumber.runChild(Cucumber.java:118)
	at cucumber.api.junit.Cucumber.runChild(Cucumber.java:56)
	at org.junit.runners.ParentRunner$3.run(ParentRunner.java:290)
	at org.junit.runners.ParentRunner$1.schedule(ParentRunner.java:71)
	at org.junit.runners.ParentRunner.runChildren(ParentRunner.java:288)
	at org.junit.runners.ParentRunner.access$000(ParentRunner.java:58)
	at org.junit.runners.ParentRunner$2.evaluate(ParentRunner.java:268)
	at cucumber.api.junit.Cucumber$1.evaluate(Cucumber.java:127)
	at org.junit.runners.ParentRunner.run(ParentRunner.java:363)
	at org.gradle.api.internal.tasks.testing.junit.JUnitTestClassExecutor.runTestClass(JUnitTestClassExecutor.java:110)
	at org.gradle.api.internal.tasks.testing.junit.JUnitTestClassExecutor.execute(JUnitTestClassExecutor.java:58)
	at org.gradle.api.internal.tasks.testing.junit.JUnitTestClassExecutor.execute(JUnitTestClassExecutor.java:38)
	at org.gradle.api.internal.tasks.testing.junit.AbstractJUnitTestClassProcessor.processTestClass(AbstractJUnitTestClassProcessor.java:62)
	at org.gradle.api.internal.tasks.testing.SuiteTestClassProcessor.processTestClass(SuiteTestClassProcessor.java:51)
	at sun.reflect.NativeMethodAccessorImpl.invoke0(Native Method)
	at sun.reflect.NativeMethodAccessorImpl.invoke(NativeMethodAccessorImpl.java:62)
	at sun.reflect.DelegatingMethodAccessorImpl.invoke(DelegatingMethodAccessorImpl.java:43)
	at java.lang.reflect.Method.invoke(Method.java:498)
	at org.gradle.internal.dispatch.ReflectionDispatch.dispatch(ReflectionDispatch.java:36)
	at org.gradle.internal.dispatch.ReflectionDispatch.dispatch(ReflectionDispatch.java:24)
	at org.gradle.internal.dispatch.ContextClassLoaderDispatch.dispatch(ContextClassLoaderDispatch.java:33)
	at org.gradle.internal.dispatch.ProxyDispatchAdapter$DispatchingInvocationHandler.invoke(ProxyDispatchAdapter.java:94)
	at com.sun.proxy.$Proxy2.processTestClass(Unknown Source)
	at org.gradle.api.internal.tasks.testing.worker.TestWorker$2.run(TestWorker.java:176)
	at org.gradle.api.internal.tasks.testing.worker.TestWorker.executeAndMaintainThreadName(TestWorker.java:129)
	at org.gradle.api.internal.tasks.testing.worker.TestWorker.execute(TestWorker.java:100)
	at org.gradle.api.internal.tasks.testing.worker.TestWorker.execute(TestWorker.java:60)
	at org.gradle.process.internal.worker.child.ActionExecutionWorker.execute(ActionExecutionWorker.java:56)
	at org.gradle.process.internal.worker.child.SystemApplicationClassLoaderWorker.call(SystemApplicationClassLoaderWorker.java:133)
	at org.gradle.process.internal.worker.child.SystemApplicationClassLoaderWorker.call(SystemApplicationClassLoaderWorker.java:71)
	at worker.org.gradle.process.internal.worker.GradleWorkerMain.run(GradleWorkerMain.java:69)
	at worker.org.gradle.process.internal.worker.GradleWorkerMain.main(GradleWorkerMain.java:74)
</pre>
</span>
</div>
</div>
<div id="tab1" class="tab">
<h2>Tests</h2>
<table>
<thead>
<tr>
<th>Test</th>
<th>Duration</th>
<th>Result</th>
</tr>
</thead>
<tr>
<td class="failures">Validate the creation of a meeting with a business unit</td>
<td class="failures">8.037s</td>
<td class="failures">failed</td>
</tr>
</table>
</div>
<div id="tab2" class="tab">
<h2>Standard error</h2>
<span class="code">
<pre>[Test worker] WARN net.thucydides.core.steps.BaseStepListener - stepStarted: net.thucydides.core.steps.ExecutedStepDescription@2755d705
[Test worker] WARN net.thucydides.core.steps.BaseStepListener - stepStarted: net.thucydides.core.steps.ExecutedStepDescription@776802b0
dic 01, 2022 10:42:27 PM org.openqa.selenium.remote.DesiredCapabilities chrome
INFORMACIÓN: Using `new ChromeOptions()` is preferred to `DesiredCapabilities.chrome()`
[Test worker] INFO net.serenitybdd.core.webdriver.driverproviders.ProvideNewDriver - Instantiating driver
[Test worker] INFO net.serenitybdd.core.webdriver.driverproviders.ProvideNewDriver - Driver capabilities: Capabilities {acceptInsecureCerts: false, browserName: chrome, chrome.switches: --start-maximized, goog:chromeOptions: {args: [--start-maximized], extensions: []}, loggingPrefs: org.openqa.selenium.logging..., platform: ANY, version: }
Starting ChromeDriver 106.0.5249.61 (511755355844955cd3e264779baf0dd38212a4d0-refs/branch-heads/5249@{#569}) on port 12205
Only local connections are allowed.
Please see https://chromedriver.chromium.org/security-considerations for suggestions on keeping ChromeDriver safe.
ChromeDriver was started successfully.
[1669952550.440][WARNING]: This version of ChromeDriver has not been tested with Chrome version 107.
dic 01, 2022 10:42:30 PM org.openqa.selenium.remote.ProtocolHandshake createSession
INFORMACIÓN: Detected dialect: W3C
[Test worker] WARN net.thucydides.core.steps.BaseStepListener - stepFinished: current outcome:Validate the creation of a meeting with a business unit:Example: {nameUnit=Choucair1, parentUnit=Marketing » Editor Team, meetingName=Contextualizacion de negocio, meetingType=Strategy, meetingNumber=10, startDate=09/20/2022, starTime=10:00, endDate=09/20/2022, endTime=11:00, location=On Site, unit=Marketing, organizedBy=Charles Davis, reporter=Alexis Lopez, attendeeList=Dylan Smith, attendeeType=Guest, attenDanceStatus=Not Set} [Given That I login in the Starsharp page With &quot;admin&quot; and &quot;serenity&quot; [william opens the Sharsharp page]]
[Test worker] WARN net.thucydides.core.steps.BaseStepListener - stepStarted: net.thucydides.core.steps.ExecutedStepDescription@6ccac6f4
[Test worker] WARN net.thucydides.core.steps.BaseStepListener - stepStarted: net.thucydides.core.steps.ExecutedStepDescription@5dc769f9
[Test worker] WARN net.thucydides.core.steps.BaseStepListener - stepFinished: current outcome:Validate the creation of a meeting with a business unit:Example: {nameUnit=Choucair1, parentUnit=Marketing » Editor Team, meetingName=Contextualizacion de negocio, meetingType=Strategy, meetingNumber=10, startDate=09/20/2022, starTime=10:00, endDate=09/20/2022, endTime=11:00, location=On Site, unit=Marketing, organizedBy=Charles Davis, reporter=Alexis Lopez, attendeeList=Dylan Smith, attendeeType=Guest, attenDanceStatus=Not Set} [Given That I login in the Starsharp page With &quot;admin&quot; and &quot;serenity&quot; [william opens the Sharsharp page, William login [william enters 'admin' into User name]]]
[Test worker] WARN net.thucydides.core.steps.BaseStepListener - stepStarted: net.thucydides.core.steps.ExecutedStepDescription@423a0e1d
[Test worker] WARN net.thucydides.core.steps.BaseStepListener - stepFinished: current outcome:Validate the creation of a meeting with a business unit:Example: {nameUnit=Choucair1, parentUnit=Marketing » Editor Team, meetingName=Contextualizacion de negocio, meetingType=Strategy, meetingNumber=10, startDate=09/20/2022, starTime=10:00, endDate=09/20/2022, endTime=11:00, location=On Site, unit=Marketing, organizedBy=Charles Davis, reporter=Alexis Lopez, attendeeList=Dylan Smith, attendeeType=Guest, attenDanceStatus=Not Set} [Given That I login in the Starsharp page With &quot;admin&quot; and &quot;serenity&quot; [william opens the Sharsharp page, William login [william enters 'admin' into User name, william enters 'serenity' into Password]]]
[Test worker] WARN net.thucydides.core.steps.BaseStepListener - stepStarted: net.thucydides.core.steps.ExecutedStepDescription@19c1820d
[Test worker] WARN net.thucydides.core.steps.BaseStepListener - stepFinished: current outcome:Validate the creation of a meeting with a business unit:Example: {nameUnit=Choucair1, parentUnit=Marketing » Editor Team, meetingName=Contextualizacion de negocio, meetingType=Strategy, meetingNumber=10, startDate=09/20/2022, starTime=10:00, endDate=09/20/2022, endTime=11:00, location=On Site, unit=Marketing, organizedBy=Charles Davis, reporter=Alexis Lopez, attendeeList=Dylan Smith, attendeeType=Guest, attenDanceStatus=Not Set} [Given That I login in the Starsharp page With &quot;admin&quot; and &quot;serenity&quot; [william opens the Sharsharp page, William login [william enters 'admin' into User name, william enters 'serenity' into Password, william clicks on Boton sing in]]]
[Test worker] WARN net.thucydides.core.steps.BaseStepListener - stepFinished: current outcome:Validate the creation of a meeting with a business unit:Example: {nameUnit=Choucair1, parentUnit=Marketing » Editor Team, meetingName=Contextualizacion de negocio, meetingType=Strategy, meetingNumber=10, startDate=09/20/2022, starTime=10:00, endDate=09/20/2022, endTime=11:00, location=On Site, unit=Marketing, organizedBy=Charles Davis, reporter=Alexis Lopez, attendeeList=Dylan Smith, attendeeType=Guest, attenDanceStatus=Not Set} [Given That I login in the Starsharp page With &quot;admin&quot; and &quot;serenity&quot; [william opens the Sharsharp page, William login [william enters 'admin' into User name, william enters 'serenity' into Password, william clicks on Boton sing in]]]
[Test worker] WARN net.thucydides.core.steps.BaseStepListener - stepFinished: current outcome:Validate the creation of a meeting with a business unit:Example: {nameUnit=Choucair1, parentUnit=Marketing » Editor Team, meetingName=Contextualizacion de negocio, meetingType=Strategy, meetingNumber=10, startDate=09/20/2022, starTime=10:00, endDate=09/20/2022, endTime=11:00, location=On Site, unit=Marketing, organizedBy=Charles Davis, reporter=Alexis Lopez, attendeeList=Dylan Smith, attendeeType=Guest, attenDanceStatus=Not Set} [Given That I login in the Starsharp page With &quot;admin&quot; and &quot;serenity&quot; [william opens the Sharsharp page, William login [william enters 'admin' into User name, william enters 'serenity' into Password, william clicks on Boton sing in]]]
[Test worker] WARN net.thucydides.core.steps.BaseStepListener - stepStarted: net.thucydides.core.steps.ExecutedStepDescription@62b57479
[Test worker] WARN net.thucydides.core.steps.BaseStepListener - stepStarted: net.thucydides.core.steps.ExecutedStepDescription@604d23fa
[Test worker] WARN net.thucydides.core.steps.BaseStepListener - testFinished: Validate the creation of a meeting with a business unit:Example: {nameUnit=Choucair1, parentUnit=Marketing » Editor Team, meetingName=Contextualizacion de negocio, meetingType=Strategy, meetingNumber=10, startDate=09/20/2022, starTime=10:00, endDate=09/20/2022, endTime=11:00, location=On Site, unit=Marketing, organizedBy=Charles Davis, reporter=Alexis Lopez, attendeeList=Dylan Smith, attendeeType=Guest, attenDanceStatus=Not Set} [Given That I login in the Starsharp page With &quot;admin&quot; and &quot;serenity&quot; [william opens the Sharsharp page, William login [william enters 'admin' into User name, william enters 'serenity' into Password, william clicks on Boton sing in]], When I create a Business Unit and a meeting
| Choucair1 | Marketing » Editor Team | Contextualizacion de negocio | Strategy | 10 | 09/20/2022 | 10:00 | 09/20/2022 | 11:00 | On Site | Marketing | Charles Davis | Alexis Lopez | Dylan Smith | Guest | Not Set |, Then I verify the successful creation of the meeting]
[Test worker] WARN net.thucydides.core.steps.BaseStepListener - TestOutcomes: [Validate the creation of a meeting with a business unit:Example: {nameUnit=Choucair1, parentUnit=Marketing » Editor Team, meetingName=Contextualizacion de negocio, meetingType=Strategy, meetingNumber=10, startDate=09/20/2022, starTime=10:00, endDate=09/20/2022, endTime=11:00, location=On Site, unit=Marketing, organizedBy=Charles Davis, reporter=Alexis Lopez, attendeeList=Dylan Smith, attendeeType=Guest, attenDanceStatus=Not Set} [Given That I login in the Starsharp page With &quot;admin&quot; and &quot;serenity&quot; [william opens the Sharsharp page, William login [william enters 'admin' into User name, william enters 'serenity' into Password, william clicks on Boton sing in]], When I create a Business Unit and a meeting
| Choucair1 | Marketing » Editor Team | Contextualizacion de negocio | Strategy | 10 | 09/20/2022 | 10:00 | 09/20/2022 | 11:00 | On Site | Marketing | Charles Davis | Alexis Lopez | Dylan Smith | Guest | Not Set |, Then I verify the successful creation of the meeting]]
[Test worker] WARN net.thucydides.core.steps.BaseStepListener - Final testOutcomes: [Validate the creation of a meeting with a business unit:Example: {nameUnit=Choucair1, parentUnit=Marketing » Editor Team, meetingName=Contextualizacion de negocio, meetingType=Strategy, meetingNumber=10, startDate=09/20/2022, starTime=10:00, endDate=09/20/2022, endTime=11:00, location=On Site, unit=Marketing, organizedBy=Charles Davis, reporter=Alexis Lopez, attendeeList=Dylan Smith, attendeeType=Guest, attenDanceStatus=Not Set} [Given That I login in the Starsharp page With &quot;admin&quot; and &quot;serenity&quot; [william opens the Sharsharp page, William login [william enters 'admin' into User name, william enters 'serenity' into Password, william clicks on Boton sing in]], When I create a Business Unit and a meeting
| Choucair1 | Marketing » Editor Team | Contextualizacion de negocio | Strategy | 10 | 09/20/2022 | 10:00 | 09/20/2022 | 11:00 | On Site | Marketing | Charles Davis | Alexis Lopez | Dylan Smith | Guest | Not Set |, Then I verify the successful creation of the meeting]]
[Test worker] ERROR net.thucydides.core.steps.ConsoleLoggingListener - 
           __  _____ _____ ____ _____   _____ _    ___ _     _____ ____  
  _       / / |_   _| ____/ ___|_   _| |  ___/ \  |_ _| |   | ____|  _ \ 
 (_)_____| |    | | |  _| \___ \ | |   | |_ / _ \  | || |   |  _| | | | |
  _|_____| |    | | | |___ ___) || |   |  _/ ___ \ | || |___| |___| |_| |
 (_)     | |    |_| |_____|____/ |_|   |_|/_/   \_\___|_____|_____|____/ 
          \_\                                                            

TEST FAILED WITH ERROR: Validate the creation of a meeting with a business unit
---------------------------------------------------------------------
[Test worker] ERROR net.thucydides.core.steps.ConsoleLoggingListener - TEST FAILED AT STEP When I create a Business Unit and a meeting | Choucair1 | Marketing » Editor Team | Contextualizacion de negocio | Strategy | 10 | 09/20/2022 | 10:00 | 09/20/2022 | 11:00 | On Site | Marketing | Charles Davis | Alexis Lopez | Dylan Smith | Guest | Not Set |
[Test worker] ERROR net.thucydides.core.steps.ConsoleLoggingListener - Arity mismatch: Step Definition 'co.com.choucair.certification.proyectobase.stepdefinitions.Starsharpstepdefinitions.i_create_a_Business_Unit_and_a_meeting() in file:/C:/Users/Willy-PC/IdeaProjects/co.com.choucair.certification.proyectobaseweb/build/classes/java/test/' with pattern [^I create a Business Unit and a meeting$] is declared with 0 parameters. However, the gherkin step has 1 arguments [Table:[[Choucair1, Marketing » Editor Team, Contextualizacion de negocio, Strategy, 10, 09/20/2022, 10:00, 09/20/2022, 11:00, On Site, Marketing, Charles Davis, Alexis Lopez, Dylan Smith, Guest, Not Set]]]. 
</pre>
</span>
</div>
</div>
<div id="footer">
<p>
<div>
<label class="hidden" id="label-for-line-wrapping-toggle" for="line-wrapping-toggle">Wrap lines
<input id="line-wrapping-toggle" type="checkbox" autocomplete="off"/>
</label>
</div>Generated by 
<a href="http://www.gradle.org">Gradle 7.4</a> at 1/12/2022 10:42:36 PM</p>
</div>
</div>
</body>
</html>
